0 info it worked if it ends with ok
1 verbose cli [ 'node', '/usr/local/bin/npm', 'install' ]
2 info using npm@2.5.1
3 info using node@v0.12.0
4 warn package.json STORM@0.0.2 No README data
5 verbose install where, deps [ '/Users/johannmarx/STORM/src',
5 verbose install   [ 'body-parser',
5 verbose install     'ejs',
5 verbose install     'express',
5 verbose install     'mongodb',
5 verbose install     'mongoose',
5 verbose install     'nodejs',
5 verbose install     'qunitjs' ] ]
6 verbose install where, peers [ '/Users/johannmarx/STORM/src', [] ]
7 info preinstall STORM@0.0.2
8 warn package.json nodejs@0.0.0 No description
9 warn package.json nodejs@0.0.0 No repository field.
10 verbose already installed skipping express@^4.13.1 /Users/johannmarx/STORM/src
11 verbose already installed skipping mongodb@^2.0.36 /Users/johannmarx/STORM/src
12 verbose already installed skipping mongoose@^4.0.6 /Users/johannmarx/STORM/src
13 verbose already installed skipping nodejs@^0.0.0 /Users/johannmarx/STORM/src
14 verbose already installed skipping qunitjs@^1.18.0 /Users/johannmarx/STORM/src
15 verbose already installed skipping body-parser@^1.13.2 /Users/johannmarx/STORM/src
16 verbose already installed skipping ejs@^2.3.2 /Users/johannmarx/STORM/src
17 silly install resolved []
18 info build /Users/johannmarx/STORM/src
19 verbose linkStuff [ false, false, false, '/Users/johannmarx/STORM' ]
20 info linkStuff STORM@0.0.2
21 verbose linkBins STORM@0.0.2
22 verbose linkMans STORM@0.0.2
23 verbose rebuildBundles STORM@0.0.2
24 verbose rebuildBundles [ 'body-parser',
24 verbose rebuildBundles   'ejs',
24 verbose rebuildBundles   'express',
24 verbose rebuildBundles   'mongodb',
24 verbose rebuildBundles   'mongoose',
24 verbose rebuildBundles   'nodejs',
24 verbose rebuildBundles   'nodeunit',
24 verbose rebuildBundles   'qunitjs' ]
25 verbose rebuild bundle /Users/johannmarx/STORM/src/node_modules/nodeunit
26 info build /Users/johannmarx/STORM/src/node_modules/nodeunit
27 info preinstall nodeunit@0.9.1
28 verbose linkStuff [ false,
28 verbose linkStuff   false,
28 verbose linkStuff   false,
28 verbose linkStuff   '/Users/johannmarx/STORM/src/node_modules' ]
29 info linkStuff nodeunit@0.9.1
30 verbose linkBins nodeunit@0.9.1
31 verbose link bins [ { nodeunit: './bin/nodeunit' },
31 verbose link bins   '/Users/johannmarx/STORM/src/node_modules/.bin',
31 verbose link bins   false ]
32 verbose linkMans nodeunit@0.9.1
33 verbose rebuildBundles nodeunit@0.9.1
34 verbose rebuildBundles [ '.bin', 'tap' ]
35 verbose stack Error: ENOENT, chmod '/Users/johannmarx/STORM/src/node_modules/nodeunit/bin/nodeunit'
35 verbose stack     at Error (native)
36 verbose cwd /Users/johannmarx/STORM/src
37 error Darwin 14.1.0
38 error argv "node" "/usr/local/bin/npm" "install"
39 error node v0.12.0
40 error npm  v2.5.1
41 error path /Users/johannmarx/STORM/src/node_modules/nodeunit/bin/nodeunit
42 error code ENOENT
43 error errno -2
44 error enoent ENOENT, chmod '/Users/johannmarx/STORM/src/node_modules/nodeunit/bin/nodeunit'
44 error enoent This is most likely not a problem with npm itself
44 error enoent and is related to npm not being able to find a file.
45 verbose exit [ -2, true ]
